{
  "/Users/his/Documents/Remix/remix-tutorial/app/data.ts": {
    "path": "/Users/his/Documents/Remix/remix-tutorial/app/data.ts",
    "statementMap": {
      "0": {
        "start": {
          "line": 28,
          "column": 21
        },
        "end": {
          "line": 61,
          "column": null
        }
      },
      "1": {
        "start": {
          "line": 32,
          "column": 4
        },
        "end": {
          "line": 34,
          "column": null
        }
      },
      "2": {
        "start": {
          "line": 33,
          "column": 20
        },
        "end": {
          "line": 33,
          "column": 45
        }
      },
      "3": {
        "start": {
          "line": 38,
          "column": 4
        },
        "end": {
          "line": 38,
          "column": null
        }
      },
      "4": {
        "start": {
          "line": 42,
          "column": 15
        },
        "end": {
          "line": 42,
          "column": null
        }
      },
      "5": {
        "start": {
          "line": 43,
          "column": 10
        },
        "end": {
          "line": 43,
          "column": null
        }
      },
      "6": {
        "start": {
          "line": 44,
          "column": 23
        },
        "end": {
          "line": 44,
          "column": null
        }
      },
      "7": {
        "start": {
          "line": 45,
          "column": 4
        },
        "end": {
          "line": 45,
          "column": null
        }
      },
      "8": {
        "start": {
          "line": 46,
          "column": 4
        },
        "end": {
          "line": 46,
          "column": null
        }
      },
      "9": {
        "start": {
          "line": 50,
          "column": 20
        },
        "end": {
          "line": 50,
          "column": null
        }
      },
      "10": {
        "start": {
          "line": 51,
          "column": 4
        },
        "end": {
          "line": 51,
          "column": null
        }
      },
      "11": {
        "start": {
          "line": 52,
          "column": 27
        },
        "end": {
          "line": 52,
          "column": null
        }
      },
      "12": {
        "start": {
          "line": 53,
          "column": 4
        },
        "end": {
          "line": 53,
          "column": null
        }
      },
      "13": {
        "start": {
          "line": 54,
          "column": 4
        },
        "end": {
          "line": 54,
          "column": null
        }
      },
      "14": {
        "start": {
          "line": 58,
          "column": 4
        },
        "end": {
          "line": 58,
          "column": null
        }
      },
      "15": {
        "start": {
          "line": 59,
          "column": 4
        },
        "end": {
          "line": 59,
          "column": null
        }
      },
      "16": {
        "start": {
          "line": 66,
          "column": 2
        },
        "end": {
          "line": 66,
          "column": null
        }
      },
      "17": {
        "start": {
          "line": 66,
          "column": 33
        },
        "end": {
          "line": 66,
          "column": 57
        }
      },
      "18": {
        "start": {
          "line": 67,
          "column": 17
        },
        "end": {
          "line": 67,
          "column": null
        }
      },
      "19": {
        "start": {
          "line": 68,
          "column": 2
        },
        "end": {
          "line": 72,
          "column": null
        }
      },
      "20": {
        "start": {
          "line": 69,
          "column": 4
        },
        "end": {
          "line": 71,
          "column": null
        }
      },
      "21": {
        "start": {
          "line": 73,
          "column": 2
        },
        "end": {
          "line": 73,
          "column": null
        }
      },
      "22": {
        "start": {
          "line": 77,
          "column": 18
        },
        "end": {
          "line": 77,
          "column": null
        }
      },
      "23": {
        "start": {
          "line": 78,
          "column": 2
        },
        "end": {
          "line": 78,
          "column": null
        }
      },
      "24": {
        "start": {
          "line": 83,
          "column": 2
        },
        "end": {
          "line": 83,
          "column": null
        }
      },
      "25": {
        "start": {
          "line": 83,
          "column": 33
        },
        "end": {
          "line": 83,
          "column": 58
        }
      },
      "26": {
        "start": {
          "line": 84,
          "column": 2
        },
        "end": {
          "line": 84,
          "column": null
        }
      },
      "27": {
        "start": {
          "line": 88,
          "column": 18
        },
        "end": {
          "line": 88,
          "column": null
        }
      },
      "28": {
        "start": {
          "line": 89,
          "column": 2
        },
        "end": {
          "line": 91,
          "column": null
        }
      },
      "29": {
        "start": {
          "line": 90,
          "column": 4
        },
        "end": {
          "line": 90,
          "column": null
        }
      },
      "30": {
        "start": {
          "line": 92,
          "column": 2
        },
        "end": {
          "line": 92,
          "column": null
        }
      },
      "31": {
        "start": {
          "line": 93,
          "column": 2
        },
        "end": {
          "line": 93,
          "column": null
        }
      },
      "32": {
        "start": {
          "line": 97,
          "column": 2
        },
        "end": {
          "line": 97,
          "column": null
        }
      },
      "33": {
        "start": {
          "line": 100,
          "column": 0
        },
        "end": {
          "line": 318,
          "column": null
        }
      },
      "34": {
        "start": {
          "line": 314,
          "column": 2
        },
        "end": {
          "line": 317,
          "column": null
        }
      }
    },
    "fnMap": {
      "0": {
        "name": "(anonymous_0)",
        "decl": {
          "start": {
            "line": 31,
            "column": 2
          },
          "end": {
            "line": 31,
            "column": 8
          }
        },
        "loc": {
          "start": {
            "line": 31,
            "column": 43
          },
          "end": {
            "line": 35,
            "column": null
          }
        }
      },
      "1": {
        "name": "(anonymous_1)",
        "decl": {
          "start": {
            "line": 33,
            "column": 11
          },
          "end": {
            "line": 33,
            "column": 12
          }
        },
        "loc": {
          "start": {
            "line": 33,
            "column": 20
          },
          "end": {
            "line": 33,
            "column": 45
          }
        }
      },
      "2": {
        "name": "(anonymous_2)",
        "decl": {
          "start": {
            "line": 37,
            "column": 2
          },
          "end": {
            "line": 37,
            "column": 8
          }
        },
        "loc": {
          "start": {
            "line": 37,
            "column": 55
          },
          "end": {
            "line": 39,
            "column": null
          }
        }
      },
      "3": {
        "name": "(anonymous_3)",
        "decl": {
          "start": {
            "line": 41,
            "column": 2
          },
          "end": {
            "line": 41,
            "column": 8
          }
        },
        "loc": {
          "start": {
            "line": 41,
            "column": 64
          },
          "end": {
            "line": 47,
            "column": null
          }
        }
      },
      "4": {
        "name": "(anonymous_4)",
        "decl": {
          "start": {
            "line": 49,
            "column": 2
          },
          "end": {
            "line": 49,
            "column": 8
          }
        },
        "loc": {
          "start": {
            "line": 49,
            "column": 73
          },
          "end": {
            "line": 55,
            "column": null
          }
        }
      },
      "5": {
        "name": "(anonymous_5)",
        "decl": {
          "start": {
            "line": 57,
            "column": 2
          },
          "end": {
            "line": 57,
            "column": 10
          }
        },
        "loc": {
          "start": {
            "line": 57,
            "column": 28
          },
          "end": {
            "line": 60,
            "column": null
          }
        }
      },
      "6": {
        "name": "getContacts",
        "decl": {
          "start": {
            "line": 65,
            "column": 22
          },
          "end": {
            "line": 65,
            "column": 34
          }
        },
        "loc": {
          "start": {
            "line": 65,
            "column": 57
          },
          "end": {
            "line": 74,
            "column": null
          }
        }
      },
      "7": {
        "name": "(anonymous_7)",
        "decl": {
          "start": {
            "line": 66,
            "column": 20
          },
          "end": {
            "line": 66,
            "column": 21
          }
        },
        "loc": {
          "start": {
            "line": 66,
            "column": 33
          },
          "end": {
            "line": 66,
            "column": 57
          }
        }
      },
      "8": {
        "name": "createEmptyContact",
        "decl": {
          "start": {
            "line": 76,
            "column": 22
          },
          "end": {
            "line": 76,
            "column": 43
          }
        },
        "loc": {
          "start": {
            "line": 76,
            "column": 43
          },
          "end": {
            "line": 79,
            "column": null
          }
        }
      },
      "9": {
        "name": "getContact",
        "decl": {
          "start": {
            "line": 81,
            "column": 22
          },
          "end": {
            "line": 81,
            "column": 33
          }
        },
        "loc": {
          "start": {
            "line": 81,
            "column": 45
          },
          "end": {
            "line": 85,
            "column": null
          }
        }
      },
      "10": {
        "name": "(anonymous_10)",
        "decl": {
          "start": {
            "line": 83,
            "column": 20
          },
          "end": {
            "line": 83,
            "column": 21
          }
        },
        "loc": {
          "start": {
            "line": 83,
            "column": 33
          },
          "end": {
            "line": 83,
            "column": 58
          }
        }
      },
      "11": {
        "name": "updateContact",
        "decl": {
          "start": {
            "line": 87,
            "column": 22
          },
          "end": {
            "line": 87,
            "column": 36
          }
        },
        "loc": {
          "start": {
            "line": 87,
            "column": 74
          },
          "end": {
            "line": 94,
            "column": null
          }
        }
      },
      "12": {
        "name": "deleteContact",
        "decl": {
          "start": {
            "line": 96,
            "column": 22
          },
          "end": {
            "line": 96,
            "column": 36
          }
        },
        "loc": {
          "start": {
            "line": 96,
            "column": 48
          },
          "end": {
            "line": 98,
            "column": null
          }
        }
      },
      "13": {
        "name": "(anonymous_13)",
        "decl": {
          "start": {
            "line": 313,
            "column": 10
          },
          "end": {
            "line": 313,
            "column": 11
          }
        },
        "loc": {
          "start": {
            "line": 313,
            "column": 23
          },
          "end": {
            "line": 318,
            "column": 1
          }
        }
      }
    },
    "branchMap": {
      "0": {
        "loc": {
          "start": {
            "line": 38,
            "column": 11
          },
          "end": {
            "line": 38,
            "column": null
          }
        },
        "type": "binary-expr",
        "locations": [
          {
            "start": {
              "line": 38,
              "column": 11
            },
            "end": {
              "line": 38,
              "column": 39
            }
          },
          {
            "start": {
              "line": 38,
              "column": 39
            },
            "end": {
              "line": 38,
              "column": null
            }
          }
        ]
      },
      "1": {
        "loc": {
          "start": {
            "line": 42,
            "column": 15
          },
          "end": {
            "line": 42,
            "column": null
          }
        },
        "type": "binary-expr",
        "locations": [
          {
            "start": {
              "line": 42,
              "column": 15
            },
            "end": {
              "line": 42,
              "column": 28
            }
          },
          {
            "start": {
              "line": 42,
              "column": 28
            },
            "end": {
              "line": 42,
              "column": null
            }
          }
        ]
      },
      "2": {
        "loc": {
          "start": {
            "line": 68,
            "column": 2
          },
          "end": {
            "line": 72,
            "column": null
          }
        },
        "type": "if",
        "locations": [
          {
            "start": {
              "line": 68,
              "column": 2
            },
            "end": {
              "line": 72,
              "column": null
            }
          }
        ]
      },
      "3": {
        "loc": {
          "start": {
            "line": 89,
            "column": 2
          },
          "end": {
            "line": 91,
            "column": null
          }
        },
        "type": "if",
        "locations": [
          {
            "start": {
              "line": 89,
              "column": 2
            },
            "end": {
              "line": 91,
              "column": null
            }
          }
        ]
      }
    },
    "s": {
      "0": 10,
      "1": 29,
      "2": 901,
      "3": 46,
      "4": 311,
      "5": 311,
      "6": 311,
      "7": 311,
      "8": 311,
      "9": 9,
      "10": 9,
      "11": 9,
      "12": 9,
      "13": 9,
      "14": 1,
      "15": 1,
      "16": 29,
      "17": 29,
      "18": 29,
      "19": 29,
      "20": 12,
      "21": 29,
      "22": 1,
      "23": 1,
      "24": 31,
      "25": 31,
      "26": 28,
      "27": 9,
      "28": 9,
      "29": 0,
      "30": 9,
      "31": 9,
      "32": 1,
      "33": 10,
      "34": 310
    },
    "f": {
      "0": 29,
      "1": 901,
      "2": 46,
      "3": 311,
      "4": 9,
      "5": 1,
      "6": 29,
      "7": 29,
      "8": 1,
      "9": 31,
      "10": 31,
      "11": 9,
      "12": 1,
      "13": 310
    },
    "b": {
      "0": [
        46,
        0
      ],
      "1": [
        311,
        1
      ],
      "2": [
        12
      ],
      "3": [
        0
      ]
    }
  },
  "/Users/his/Documents/Remix/remix-tutorial/app/root.tsx": {
    "path": "/Users/his/Documents/Remix/remix-tutorial/app/root.tsx",
    "statementMap": {
      "0": {
        "start": {
          "line": 35,
          "column": 0
        },
        "end": {
          "line": 37,
          "column": null
        }
      },
      "1": {
        "start": {
          "line": 45,
          "column": 0
        },
        "end": {
          "line": 68,
          "column": null
        }
      },
      "2": {
        "start": {
          "line": 51,
          "column": 0
        },
        "end": {
          "line": 51,
          "column": null
        }
      },
      "3": {
        "start": {
          "line": 56,
          "column": 0
        },
        "end": {
          "line": 56,
          "column": null
        }
      },
      "4": {
        "start": {
          "line": 62,
          "column": 0
        },
        "end": {
          "line": 62,
          "column": null
        }
      },
      "5": {
        "start": {
          "line": 67,
          "column": 0
        },
        "end": {
          "line": 67,
          "column": null
        }
      },
      "6": {
        "start": {
          "line": 75,
          "column": 0
        },
        "end": {
          "line": 78,
          "column": null
        }
      },
      "7": {
        "start": {
          "line": 76,
          "column": 0
        },
        "end": {
          "line": 76,
          "column": null
        }
      },
      "8": {
        "start": {
          "line": 77,
          "column": 0
        },
        "end": {
          "line": 77,
          "column": null
        }
      },
      "9": {
        "start": {
          "line": 85,
          "column": 0
        },
        "end": {
          "line": 85,
          "column": null
        }
      },
      "10": {
        "start": {
          "line": 90,
          "column": 0
        },
        "end": {
          "line": 90,
          "column": null
        }
      },
      "11": {
        "start": {
          "line": 95,
          "column": 0
        },
        "end": {
          "line": 95,
          "column": null
        }
      },
      "12": {
        "start": {
          "line": 103,
          "column": 0
        },
        "end": {
          "line": 106,
          "column": null
        }
      },
      "13": {
        "start": {
          "line": 111,
          "column": 0
        },
        "end": {
          "line": 116,
          "column": null
        }
      },
      "14": {
        "start": {
          "line": 112,
          "column": 0
        },
        "end": {
          "line": 112,
          "column": null
        }
      },
      "15": {
        "start": {
          "line": 113,
          "column": 0
        },
        "end": {
          "line": 115,
          "column": null
        }
      },
      "16": {
        "start": {
          "line": 114,
          "column": 0
        },
        "end": {
          "line": 114,
          "column": null
        }
      },
      "17": {
        "start": {
          "line": 118,
          "column": 0
        },
        "end": {
          "line": 211,
          "column": null
        }
      },
      "18": {
        "start": {
          "line": 133,
          "column": 0
        },
        "end": {
          "line": 133,
          "column": null
        }
      },
      "19": {
        "start": {
          "line": 134,
          "column": 0
        },
        "end": {
          "line": 136,
          "column": null
        }
      },
      "20": {
        "start": {
          "line": 164,
          "column": 0
        },
        "end": {
          "line": 187,
          "column": null
        }
      },
      "21": {
        "start": {
          "line": 168,
          "column": 0
        },
        "end": {
          "line": 172,
          "column": null
        }
      }
    },
    "fnMap": {
      "0": {
        "name": "(anonymous_0)",
        "decl": {
          "start": {
            "line": 35,
            "column": 0
          },
          "end": {
            "line": 35,
            "column": null
          }
        },
        "loc": {
          "start": {
            "line": 35,
            "column": 0
          },
          "end": {
            "line": 37,
            "column": null
          }
        }
      },
      "1": {
        "name": "(anonymous_1)",
        "decl": {
          "start": {
            "line": 45,
            "column": 0
          },
          "end": {
            "line": 45,
            "column": null
          }
        },
        "loc": {
          "start": {
            "line": 47,
            "column": 0
          },
          "end": {
            "line": 68,
            "column": null
          }
        }
      },
      "2": {
        "name": "(anonymous_2)",
        "decl": {
          "start": {
            "line": 75,
            "column": 0
          },
          "end": {
            "line": 75,
            "column": null
          }
        },
        "loc": {
          "start": {
            "line": 75,
            "column": 0
          },
          "end": {
            "line": 78,
            "column": null
          }
        }
      },
      "3": {
        "name": "App",
        "decl": {
          "start": {
            "line": 80,
            "column": 0
          },
          "end": {
            "line": 80,
            "column": null
          }
        },
        "loc": {
          "start": {
            "line": 80,
            "column": 0
          },
          "end": {
            "line": 213,
            "column": null
          }
        }
      },
      "4": {
        "name": "(anonymous_4)",
        "decl": {
          "start": {
            "line": 111,
            "column": 0
          },
          "end": {
            "line": 111,
            "column": null
          }
        },
        "loc": {
          "start": {
            "line": 111,
            "column": 0
          },
          "end": {
            "line": 116,
            "column": null
          }
        }
      },
      "5": {
        "name": "(anonymous_5)",
        "decl": {
          "start": {
            "line": 132,
            "column": 0
          },
          "end": {
            "line": 132,
            "column": null
          }
        },
        "loc": {
          "start": {
            "line": 132,
            "column": 0
          },
          "end": {
            "line": 137,
            "column": null
          }
        }
      },
      "6": {
        "name": "(anonymous_6)",
        "decl": {
          "start": {
            "line": 163,
            "column": 0
          },
          "end": {
            "line": 163,
            "column": null
          }
        },
        "loc": {
          "start": {
            "line": 164,
            "column": 0
          },
          "end": {
            "line": 187,
            "column": null
          }
        }
      },
      "7": {
        "name": "(anonymous_7)",
        "decl": {
          "start": {
            "line": 167,
            "column": 0
          },
          "end": {
            "line": 167,
            "column": null
          }
        },
        "loc": {
          "start": {
            "line": 168,
            "column": 0
          },
          "end": {
            "line": 172,
            "column": null
          }
        }
      }
    },
    "branchMap": {
      "0": {
        "loc": {
          "start": {
            "line": 103,
            "column": 0
          },
          "end": {
            "line": 106,
            "column": null
          }
        },
        "type": "binary-expr",
        "locations": [
          {
            "start": {
              "line": 103,
              "column": 0
            },
            "end": {
              "line": 103,
              "column": null
            }
          },
          {
            "start": {
              "line": 104,
              "column": 0
            },
            "end": {
              "line": 106,
              "column": null
            }
          }
        ]
      },
      "1": {
        "loc": {
          "start": {
            "line": 113,
            "column": 0
          },
          "end": {
            "line": 115,
            "column": null
          }
        },
        "type": "if",
        "locations": [
          {
            "start": {
              "line": 113,
              "column": 0
            },
            "end": {
              "line": 115,
              "column": null
            }
          }
        ]
      },
      "2": {
        "loc": {
          "start": {
            "line": 114,
            "column": 0
          },
          "end": {
            "line": 114,
            "column": null
          }
        },
        "type": "binary-expr",
        "locations": [
          {
            "start": {
              "line": 114,
              "column": 0
            },
            "end": {
              "line": 114,
              "column": null
            }
          },
          {
            "start": {
              "line": 114,
              "column": 0
            },
            "end": {
              "line": 114,
              "column": null
            }
          }
        ]
      },
      "3": {
        "loc": {
          "start": {
            "line": 146,
            "column": 0
          },
          "end": {
            "line": 146,
            "column": null
          }
        },
        "type": "binary-expr",
        "locations": [
          {
            "start": {
              "line": 146,
              "column": 0
            },
            "end": {
              "line": 146,
              "column": null
            }
          },
          {
            "start": {
              "line": 146,
              "column": 0
            },
            "end": {
              "line": 146,
              "column": null
            }
          }
        ]
      },
      "4": {
        "loc": {
          "start": {
            "line": 147,
            "column": 0
          },
          "end": {
            "line": 147,
            "column": null
          }
        },
        "type": "cond-expr",
        "locations": [
          {
            "start": {
              "line": 147,
              "column": 0
            },
            "end": {
              "line": 147,
              "column": null
            }
          },
          {
            "start": {
              "line": 147,
              "column": 0
            },
            "end": {
              "line": 147,
              "column": null
            }
          }
        ]
      },
      "5": {
        "loc": {
          "start": {
            "line": 161,
            "column": 0
          },
          "end": {
            "line": 193,
            "column": null
          }
        },
        "type": "cond-expr",
        "locations": [
          {
            "start": {
              "line": 162,
              "column": 0
            },
            "end": {
              "line": 189,
              "column": null
            }
          },
          {
            "start": {
              "line": 191,
              "column": 0
            },
            "end": {
              "line": 193,
              "column": null
            }
          }
        ]
      },
      "6": {
        "loc": {
          "start": {
            "line": 168,
            "column": 0
          },
          "end": {
            "line": 172,
            "column": null
          }
        },
        "type": "cond-expr",
        "locations": [
          {
            "start": {
              "line": 169,
              "column": 0
            },
            "end": {
              "line": 169,
              "column": null
            }
          },
          {
            "start": {
              "line": 170,
              "column": 0
            },
            "end": {
              "line": 172,
              "column": null
            }
          }
        ]
      },
      "7": {
        "loc": {
          "start": {
            "line": 170,
            "column": 0
          },
          "end": {
            "line": 172,
            "column": null
          }
        },
        "type": "cond-expr",
        "locations": [
          {
            "start": {
              "line": 171,
              "column": 0
            },
            "end": {
              "line": 171,
              "column": null
            }
          },
          {
            "start": {
              "line": 172,
              "column": 0
            },
            "end": {
              "line": 172,
              "column": null
            }
          }
        ]
      },
      "8": {
        "loc": {
          "start": {
            "line": 176,
            "column": 0
          },
          "end": {
            "line": 181,
            "column": null
          }
        },
        "type": "cond-expr",
        "locations": [
          {
            "start": {
              "line": 177,
              "column": 0
            },
            "end": {
              "line": 179,
              "column": null
            }
          },
          {
            "start": {
              "line": 181,
              "column": 0
            },
            "end": {
              "line": 181,
              "column": null
            }
          }
        ]
      },
      "9": {
        "loc": {
          "start": {
            "line": 176,
            "column": 0
          },
          "end": {
            "line": 176,
            "column": null
          }
        },
        "type": "binary-expr",
        "locations": [
          {
            "start": {
              "line": 176,
              "column": 0
            },
            "end": {
              "line": 176,
              "column": null
            }
          },
          {
            "start": {
              "line": 176,
              "column": 0
            },
            "end": {
              "line": 176,
              "column": null
            }
          }
        ]
      },
      "10": {
        "loc": {
          "start": {
            "line": 183,
            "column": 0
          },
          "end": {
            "line": 185,
            "column": null
          }
        },
        "type": "cond-expr",
        "locations": [
          {
            "start": {
              "line": 184,
              "column": 0
            },
            "end": {
              "line": 184,
              "column": null
            }
          },
          {
            "start": {
              "line": 185,
              "column": 0
            },
            "end": {
              "line": 185,
              "column": null
            }
          }
        ]
      },
      "11": {
        "loc": {
          "start": {
            "line": 199,
            "column": 0
          },
          "end": {
            "line": 201,
            "column": null
          }
        },
        "type": "cond-expr",
        "locations": [
          {
            "start": {
              "line": 200,
              "column": 0
            },
            "end": {
              "line": 200,
              "column": null
            }
          },
          {
            "start": {
              "line": 201,
              "column": 0
            },
            "end": {
              "line": 201,
              "column": null
            }
          }
        ]
      },
      "12": {
        "loc": {
          "start": {
            "line": 199,
            "column": 0
          },
          "end": {
            "line": 199,
            "column": null
          }
        },
        "type": "binary-expr",
        "locations": [
          {
            "start": {
              "line": 199,
              "column": 0
            },
            "end": {
              "line": 199,
              "column": null
            }
          },
          {
            "start": {
              "line": 199,
              "column": 0
            },
            "end": {
              "line": 199,
              "column": null
            }
          }
        ]
      }
    },
    "s": {
      "0": 4,
      "1": 4,
      "2": 29,
      "3": 29,
      "4": 29,
      "5": 29,
      "6": 4,
      "7": 1,
      "8": 1,
      "9": 60,
      "10": 56,
      "11": 56,
      "12": 56,
      "13": 56,
      "14": 19,
      "15": 19,
      "16": 19,
      "17": 56,
      "18": 15,
      "19": 15,
      "20": 1344,
      "21": 1344
    },
    "f": {
      "0": 0,
      "1": 29,
      "2": 1,
      "3": 60,
      "4": 19,
      "5": 15,
      "6": 1344,
      "7": 1344
    },
    "b": {
      "0": [
        56,
        26
      ],
      "1": [
        19
      ],
      "2": [
        19,
        13
      ],
      "3": [
        56,
        41
      ],
      "4": [
        15,
        41
      ],
      "5": [
        56,
        0
      ],
      "6": [
        13,
        1331
      ],
      "7": [
        4,
        1327
      ],
      "8": [
        1341,
        3
      ],
      "9": [
        1344,
        3
      ],
      "10": [
        0,
        1344
      ],
      "11": [
        8,
        48
      ],
      "12": [
        56,
        23
      ]
    }
  },
  "/Users/his/Documents/Remix/remix-tutorial/app/routes/_index/route.tsx": {
    "path": "/Users/his/Documents/Remix/remix-tutorial/app/routes/_index/route.tsx",
    "statementMap": {
      "0": {
        "start": {
          "line": 2,
          "column": 0
        },
        "end": {
          "line": 8,
          "column": null
        }
      }
    },
    "fnMap": {
      "0": {
        "name": "Index",
        "decl": {
          "start": {
            "line": 1,
            "column": 0
          },
          "end": {
            "line": 1,
            "column": null
          }
        },
        "loc": {
          "start": {
            "line": 1,
            "column": 0
          },
          "end": {
            "line": 10,
            "column": null
          }
        }
      }
    },
    "branchMap": {},
    "s": {
      "0": 13
    },
    "f": {
      "0": 13
    },
    "b": {}
  },
  "/Users/his/Documents/Remix/remix-tutorial/app/routes/contacts.$contactId/route.tsx": {
    "path": "/Users/his/Documents/Remix/remix-tutorial/app/routes/contacts.$contactId/route.tsx",
    "statementMap": {
      "0": {
        "start": {
          "line": 25,
          "column": 0
        },
        "end": {
          "line": 34,
          "column": null
        }
      },
      "1": {
        "start": {
          "line": 28,
          "column": 0
        },
        "end": {
          "line": 28,
          "column": null
        }
      },
      "2": {
        "start": {
          "line": 29,
          "column": 0
        },
        "end": {
          "line": 29,
          "column": null
        }
      },
      "3": {
        "start": {
          "line": 30,
          "column": 0
        },
        "end": {
          "line": 32,
          "column": null
        }
      },
      "4": {
        "start": {
          "line": 31,
          "column": 0
        },
        "end": {
          "line": 31,
          "column": null
        }
      },
      "5": {
        "start": {
          "line": 33,
          "column": 0
        },
        "end": {
          "line": 33,
          "column": null
        }
      },
      "6": {
        "start": {
          "line": 40,
          "column": 0
        },
        "end": {
          "line": 49,
          "column": null
        }
      },
      "7": {
        "start": {
          "line": 44,
          "column": 0
        },
        "end": {
          "line": 44,
          "column": null
        }
      },
      "8": {
        "start": {
          "line": 45,
          "column": 0
        },
        "end": {
          "line": 45,
          "column": null
        }
      },
      "9": {
        "start": {
          "line": 46,
          "column": 0
        },
        "end": {
          "line": 48,
          "column": null
        }
      },
      "10": {
        "start": {
          "line": 56,
          "column": 0
        },
        "end": {
          "line": 56,
          "column": null
        }
      },
      "11": {
        "start": {
          "line": 58,
          "column": 0
        },
        "end": {
          "line": 111,
          "column": null
        }
      },
      "12": {
        "start": {
          "line": 99,
          "column": 0
        },
        "end": {
          "line": 101,
          "column": null
        }
      },
      "13": {
        "start": {
          "line": 102,
          "column": 0
        },
        "end": {
          "line": 104,
          "column": null
        }
      },
      "14": {
        "start": {
          "line": 103,
          "column": 0
        },
        "end": {
          "line": 103,
          "column": null
        }
      },
      "15": {
        "start": {
          "line": 117,
          "column": 0
        },
        "end": {
          "line": 143,
          "column": null
        }
      },
      "16": {
        "start": {
          "line": 122,
          "column": 0
        },
        "end": {
          "line": 122,
          "column": null
        }
      },
      "17": {
        "start": {
          "line": 128,
          "column": 0
        },
        "end": {
          "line": 130,
          "column": null
        }
      },
      "18": {
        "start": {
          "line": 132,
          "column": 0
        },
        "end": {
          "line": 141,
          "column": null
        }
      }
    },
    "fnMap": {
      "0": {
        "name": "(anonymous_0)",
        "decl": {
          "start": {
            "line": 25,
            "column": 0
          },
          "end": {
            "line": 25,
            "column": null
          }
        },
        "loc": {
          "start": {
            "line": 27,
            "column": 0
          },
          "end": {
            "line": 34,
            "column": null
          }
        }
      },
      "1": {
        "name": "(anonymous_1)",
        "decl": {
          "start": {
            "line": 40,
            "column": 0
          },
          "end": {
            "line": 40,
            "column": null
          }
        },
        "loc": {
          "start": {
            "line": 43,
            "column": 0
          },
          "end": {
            "line": 49,
            "column": null
          }
        }
      },
      "2": {
        "name": "Contact",
        "decl": {
          "start": {
            "line": 51,
            "column": 0
          },
          "end": {
            "line": 51,
            "column": null
          }
        },
        "loc": {
          "start": {
            "line": 51,
            "column": 0
          },
          "end": {
            "line": 113,
            "column": null
          }
        }
      },
      "3": {
        "name": "(anonymous_3)",
        "decl": {
          "start": {
            "line": 98,
            "column": 0
          },
          "end": {
            "line": 98,
            "column": null
          }
        },
        "loc": {
          "start": {
            "line": 98,
            "column": 0
          },
          "end": {
            "line": 105,
            "column": null
          }
        }
      },
      "4": {
        "name": "(anonymous_4)",
        "decl": {
          "start": {
            "line": 117,
            "column": 0
          },
          "end": {
            "line": 117,
            "column": null
          }
        },
        "loc": {
          "start": {
            "line": 117,
            "column": 0
          },
          "end": {
            "line": 143,
            "column": null
          }
        }
      }
    },
    "branchMap": {
      "0": {
        "loc": {
          "start": {
            "line": 30,
            "column": 0
          },
          "end": {
            "line": 32,
            "column": null
          }
        },
        "type": "if",
        "locations": [
          {
            "start": {
              "line": 30,
              "column": 0
            },
            "end": {
              "line": 32,
              "column": null
            }
          }
        ]
      },
      "1": {
        "loc": {
          "start": {
            "line": 70,
            "column": 0
          },
          "end": {
            "line": 75,
            "column": null
          }
        },
        "type": "cond-expr",
        "locations": [
          {
            "start": {
              "line": 71,
              "column": 0
            },
            "end": {
              "line": 73,
              "column": null
            }
          },
          {
            "start": {
              "line": 75,
              "column": 0
            },
            "end": {
              "line": 75,
              "column": null
            }
          }
        ]
      },
      "2": {
        "loc": {
          "start": {
            "line": 70,
            "column": 0
          },
          "end": {
            "line": 70,
            "column": null
          }
        },
        "type": "binary-expr",
        "locations": [
          {
            "start": {
              "line": 70,
              "column": 0
            },
            "end": {
              "line": 70,
              "column": null
            }
          },
          {
            "start": {
              "line": 70,
              "column": 0
            },
            "end": {
              "line": 70,
              "column": null
            }
          }
        ]
      },
      "3": {
        "loc": {
          "start": {
            "line": 80,
            "column": 0
          },
          "end": {
            "line": 86,
            "column": null
          }
        },
        "type": "cond-expr",
        "locations": [
          {
            "start": {
              "line": 81,
              "column": 0
            },
            "end": {
              "line": 85,
              "column": null
            }
          },
          {
            "start": {
              "line": 86,
              "column": 0
            },
            "end": {
              "line": 86,
              "column": null
            }
          }
        ]
      },
      "4": {
        "loc": {
          "start": {
            "line": 88,
            "column": 0
          },
          "end": {
            "line": 88,
            "column": null
          }
        },
        "type": "cond-expr",
        "locations": [
          {
            "start": {
              "line": 88,
              "column": 0
            },
            "end": {
              "line": 88,
              "column": null
            }
          },
          {
            "start": {
              "line": 88,
              "column": 0
            },
            "end": {
              "line": 88,
              "column": null
            }
          }
        ]
      },
      "5": {
        "loc": {
          "start": {
            "line": 102,
            "column": 0
          },
          "end": {
            "line": 104,
            "column": null
          }
        },
        "type": "if",
        "locations": [
          {
            "start": {
              "line": 102,
              "column": 0
            },
            "end": {
              "line": 104,
              "column": null
            }
          }
        ]
      },
      "6": {
        "loc": {
          "start": {
            "line": 128,
            "column": 0
          },
          "end": {
            "line": 130,
            "column": null
          }
        },
        "type": "cond-expr",
        "locations": [
          {
            "start": {
              "line": 129,
              "column": 0
            },
            "end": {
              "line": 129,
              "column": null
            }
          },
          {
            "start": {
              "line": 130,
              "column": 0
            },
            "end": {
              "line": 130,
              "column": null
            }
          }
        ]
      },
      "7": {
        "loc": {
          "start": {
            "line": 135,
            "column": 0
          },
          "end": {
            "line": 135,
            "column": null
          }
        },
        "type": "cond-expr",
        "locations": [
          {
            "start": {
              "line": 135,
              "column": 0
            },
            "end": {
              "line": 135,
              "column": null
            }
          },
          {
            "start": {
              "line": 135,
              "column": 0
            },
            "end": {
              "line": 135,
              "column": null
            }
          }
        ]
      },
      "8": {
        "loc": {
          "start": {
            "line": 137,
            "column": 0
          },
          "end": {
            "line": 137,
            "column": null
          }
        },
        "type": "cond-expr",
        "locations": [
          {
            "start": {
              "line": 137,
              "column": 0
            },
            "end": {
              "line": 137,
              "column": null
            }
          },
          {
            "start": {
              "line": 137,
              "column": 0
            },
            "end": {
              "line": 137,
              "column": null
            }
          }
        ]
      },
      "9": {
        "loc": {
          "start": {
            "line": 139,
            "column": 0
          },
          "end": {
            "line": 139,
            "column": null
          }
        },
        "type": "cond-expr",
        "locations": [
          {
            "start": {
              "line": 139,
              "column": 0
            },
            "end": {
              "line": 139,
              "column": null
            }
          },
          {
            "start": {
              "line": 139,
              "column": 0
            },
            "end": {
              "line": 139,
              "column": null
            }
          }
        ]
      }
    },
    "s": {
      "0": 10,
      "1": 22,
      "2": 22,
      "3": 19,
      "4": 0,
      "5": 19,
      "6": 10,
      "7": 6,
      "8": 6,
      "9": 6,
      "10": 40,
      "11": 40,
      "12": 3,
      "13": 3,
      "14": 1,
      "15": 10,
      "16": 40,
      "17": 40,
      "18": 40
    },
    "f": {
      "0": 22,
      "1": 6,
      "2": 40,
      "3": 3,
      "4": 40
    },
    "b": {
      "0": [
        0
      ],
      "1": [
        40,
        0
      ],
      "2": [
        40,
        0
      ],
      "3": [
        36,
        4
      ],
      "4": [
        2,
        38
      ],
      "5": [
        1
      ],
      "6": [
        12,
        28
      ],
      "7": [
        6,
        34
      ],
      "8": [
        6,
        34
      ],
      "9": [
        6,
        34
      ]
    }
  },
  "/Users/his/Documents/Remix/remix-tutorial/app/routes/contacts.$contactId_.edit/route.tsx": {
    "path": "/Users/his/Documents/Remix/remix-tutorial/app/routes/contacts.$contactId_.edit/route.tsx",
    "statementMap": {
      "0": {
        "start": {
          "line": 15,
          "column": 0
        },
        "end": {
          "line": 24,
          "column": null
        }
      },
      "1": {
        "start": {
          "line": 18,
          "column": 0
        },
        "end": {
          "line": 18,
          "column": null
        }
      },
      "2": {
        "start": {
          "line": 19,
          "column": 0
        },
        "end": {
          "line": 19,
          "column": null
        }
      },
      "3": {
        "start": {
          "line": 20,
          "column": 0
        },
        "end": {
          "line": 22,
          "column": null
        }
      },
      "4": {
        "start": {
          "line": 21,
          "column": 0
        },
        "end": {
          "line": 21,
          "column": null
        }
      },
      "5": {
        "start": {
          "line": 23,
          "column": 0
        },
        "end": {
          "line": 23,
          "column": null
        }
      },
      "6": {
        "start": {
          "line": 31,
          "column": 0
        },
        "end": {
          "line": 40,
          "column": null
        }
      },
      "7": {
        "start": {
          "line": 35,
          "column": 0
        },
        "end": {
          "line": 35,
          "column": null
        }
      },
      "8": {
        "start": {
          "line": 36,
          "column": 0
        },
        "end": {
          "line": 36,
          "column": null
        }
      },
      "9": {
        "start": {
          "line": 37,
          "column": 0
        },
        "end": {
          "line": 37,
          "column": null
        }
      },
      "10": {
        "start": {
          "line": 38,
          "column": 0
        },
        "end": {
          "line": 38,
          "column": null
        }
      },
      "11": {
        "start": {
          "line": 39,
          "column": 0
        },
        "end": {
          "line": 39,
          "column": null
        }
      },
      "12": {
        "start": {
          "line": 43,
          "column": 0
        },
        "end": {
          "line": 43,
          "column": null
        }
      },
      "13": {
        "start": {
          "line": 48,
          "column": 0
        },
        "end": {
          "line": 48,
          "column": null
        }
      },
      "14": {
        "start": {
          "line": 50,
          "column": 0
        },
        "end": {
          "line": 102,
          "column": null
        }
      },
      "15": {
        "start": {
          "line": 98,
          "column": 0
        },
        "end": {
          "line": 98,
          "column": null
        }
      }
    },
    "fnMap": {
      "0": {
        "name": "(anonymous_0)",
        "decl": {
          "start": {
            "line": 15,
            "column": 0
          },
          "end": {
            "line": 15,
            "column": null
          }
        },
        "loc": {
          "start": {
            "line": 17,
            "column": 0
          },
          "end": {
            "line": 24,
            "column": null
          }
        }
      },
      "1": {
        "name": "(anonymous_1)",
        "decl": {
          "start": {
            "line": 31,
            "column": 0
          },
          "end": {
            "line": 31,
            "column": null
          }
        },
        "loc": {
          "start": {
            "line": 34,
            "column": 0
          },
          "end": {
            "line": 40,
            "column": null
          }
        }
      },
      "2": {
        "name": "EditContact",
        "decl": {
          "start": {
            "line": 42,
            "column": 0
          },
          "end": {
            "line": 42,
            "column": null
          }
        },
        "loc": {
          "start": {
            "line": 42,
            "column": 0
          },
          "end": {
            "line": 104,
            "column": null
          }
        }
      },
      "3": {
        "name": "(anonymous_3)",
        "decl": {
          "start": {
            "line": 98,
            "column": 0
          },
          "end": {
            "line": 98,
            "column": null
          }
        },
        "loc": {
          "start": {
            "line": 98,
            "column": 0
          },
          "end": {
            "line": 98,
            "column": null
          }
        }
      }
    },
    "branchMap": {
      "0": {
        "loc": {
          "start": {
            "line": 20,
            "column": 0
          },
          "end": {
            "line": 22,
            "column": null
          }
        },
        "type": "if",
        "locations": [
          {
            "start": {
              "line": 20,
              "column": 0
            },
            "end": {
              "line": 22,
              "column": null
            }
          }
        ]
      }
    },
    "s": {
      "0": 6,
      "1": 9,
      "2": 9,
      "3": 9,
      "4": 0,
      "5": 9,
      "6": 6,
      "7": 3,
      "8": 3,
      "9": 3,
      "10": 3,
      "11": 3,
      "12": 15,
      "13": 15,
      "14": 15,
      "15": 1
    },
    "f": {
      "0": 9,
      "1": 3,
      "2": 15,
      "3": 1
    },
    "b": {
      "0": [
        0
      ]
    }
  },
  "/Users/his/Documents/Remix/remix-tutorial/app/routes/contacts.$contactId.destroy/route.tsx": {
    "path": "/Users/his/Documents/Remix/remix-tutorial/app/routes/contacts.$contactId.destroy/route.tsx",
    "statementMap": {
      "0": {
        "start": {
          "line": 7,
          "column": 22
        },
        "end": {
          "line": 13,
          "column": null
        }
      },
      "1": {
        "start": {
          "line": 10,
          "column": 2
        },
        "end": {
          "line": 10,
          "column": null
        }
      },
      "2": {
        "start": {
          "line": 11,
          "column": 2
        },
        "end": {
          "line": 11,
          "column": null
        }
      },
      "3": {
        "start": {
          "line": 12,
          "column": 2
        },
        "end": {
          "line": 12,
          "column": null
        }
      }
    },
    "fnMap": {
      "0": {
        "name": "(anonymous_0)",
        "decl": {
          "start": {
            "line": 7,
            "column": 22
          },
          "end": {
            "line": 7,
            "column": 29
          }
        },
        "loc": {
          "start": {
            "line": 9,
            "column": 26
          },
          "end": {
            "line": 13,
            "column": null
          }
        }
      }
    },
    "branchMap": {},
    "s": {
      "0": 4,
      "1": 1,
      "2": 1,
      "3": 1
    },
    "f": {
      "0": 1
    },
    "b": {}
  }
}