TN:
SF:app/data.ts
FN:31,(anonymous_0)
FN:33,(anonymous_1)
FN:37,(anonymous_2)
FN:41,(anonymous_3)
FN:49,(anonymous_4)
FN:57,(anonymous_5)
FN:65,getContacts
FN:66,(anonymous_7)
FN:76,createEmptyContact
FN:81,getContact
FN:83,(anonymous_10)
FN:87,updateContact
FN:96,deleteContact
FN:313,(anonymous_13)
FNF:14
FNH:14
FNDA:29,(anonymous_0)
FNDA:901,(anonymous_1)
FNDA:49,(anonymous_2)
FNDA:404,(anonymous_3)
FNDA:9,(anonymous_4)
FNDA:1,(anonymous_5)
FNDA:29,getContacts
FNDA:29,(anonymous_7)
FNDA:1,createEmptyContact
FNDA:34,getContact
FNDA:34,(anonymous_10)
FNDA:9,updateContact
FNDA:1,deleteContact
FNDA:403,(anonymous_13)
DA:28,13
DA:32,29
DA:33,901
DA:38,49
DA:42,404
DA:43,404
DA:44,404
DA:45,404
DA:46,404
DA:50,9
DA:51,9
DA:52,9
DA:53,9
DA:54,9
DA:58,1
DA:59,1
DA:66,29
DA:67,29
DA:68,29
DA:69,12
DA:73,29
DA:77,1
DA:78,1
DA:83,34
DA:84,31
DA:88,9
DA:89,9
DA:90,0
DA:92,9
DA:93,9
DA:97,1
DA:100,13
DA:314,403
LF:33
LH:32
BRDA:38,0,0,49
BRDA:38,0,1,3
BRDA:42,1,0,404
BRDA:42,1,1,1
BRDA:68,2,0,12
BRDA:89,3,0,0
BRF:6
BRH:5
end_of_record
TN:
SF:app/root.tsx
FN:35,(anonymous_0)
FN:45,(anonymous_1)
FN:75,(anonymous_2)
FN:80,App
FN:111,(anonymous_4)
FN:132,(anonymous_5)
FN:163,(anonymous_6)
FN:167,(anonymous_7)
FNF:8
FNH:7
FNDA:0,(anonymous_0)
FNDA:29,(anonymous_1)
FNDA:1,(anonymous_2)
FNDA:60,App
FNDA:19,(anonymous_4)
FNDA:15,(anonymous_5)
FNDA:1344,(anonymous_6)
FNDA:1344,(anonymous_7)
DA:35,4
DA:45,4
DA:51,29
DA:56,29
DA:62,29
DA:67,29
DA:75,4
DA:76,1
DA:77,1
DA:85,60
DA:90,56
DA:95,56
DA:103,56
DA:111,56
DA:112,19
DA:113,19
DA:114,19
DA:118,56
DA:133,15
DA:134,15
DA:164,1344
DA:168,1344
LF:22
LH:22
BRDA:103,0,0,56
BRDA:103,0,1,26
BRDA:113,1,0,19
BRDA:114,2,0,19
BRDA:114,2,1,13
BRDA:146,3,0,56
BRDA:146,3,1,41
BRDA:147,4,0,15
BRDA:147,4,1,41
BRDA:161,5,0,56
BRDA:161,5,1,0
BRDA:168,6,0,13
BRDA:168,6,1,1331
BRDA:170,7,0,4
BRDA:170,7,1,1327
BRDA:176,8,0,1341
BRDA:176,8,1,3
BRDA:176,9,0,1344
BRDA:176,9,1,3
BRDA:183,10,0,0
BRDA:183,10,1,1344
BRDA:199,11,0,8
BRDA:199,11,1,48
BRDA:199,12,0,56
BRDA:199,12,1,23
BRF:25
BRH:23
end_of_record
TN:
SF:app/routes/_index/route.tsx
FN:1,Index
FNF:1
FNH:1
FNDA:13,Index
DA:2,13
LF:1
LH:1
BRF:0
BRH:0
end_of_record
TN:
SF:app/routes/contacts.$contactId/route.tsx
FN:25,(anonymous_0)
FN:40,(anonymous_1)
FN:51,Contact
FN:98,(anonymous_3)
FN:117,(anonymous_4)
FNF:5
FNH:5
FNDA:23,(anonymous_0)
FNDA:6,(anonymous_1)
FNDA:40,Contact
FNDA:3,(anonymous_3)
FNDA:40,(anonymous_4)
DA:25,11
DA:28,23
DA:29,23
DA:30,20
DA:31,1
DA:33,19
DA:40,11
DA:44,6
DA:45,6
DA:46,6
DA:56,40
DA:58,40
DA:99,3
DA:102,3
DA:103,1
DA:117,11
DA:122,40
DA:128,40
DA:132,40
LF:19
LH:19
BRDA:30,0,0,1
BRDA:70,1,0,40
BRDA:70,1,1,0
BRDA:70,2,0,40
BRDA:70,2,1,0
BRDA:80,3,0,36
BRDA:80,3,1,4
BRDA:88,4,0,2
BRDA:88,4,1,38
BRDA:102,5,0,1
BRDA:128,6,0,12
BRDA:128,6,1,28
BRDA:135,7,0,6
BRDA:135,7,1,34
BRDA:137,8,0,6
BRDA:137,8,1,34
BRDA:139,9,0,6
BRDA:139,9,1,34
BRF:18
BRH:16
end_of_record
TN:
SF:app/routes/contacts.$contactId.destroy/route.tsx
FN:7,(anonymous_0)
FNF:1
FNH:1
FNDA:1,(anonymous_0)
DA:7,4
DA:10,1
DA:11,1
DA:12,1
LF:4
LH:4
BRF:0
BRH:0
end_of_record
TN:
SF:app/routes/contacts.$contactId_.edit/route.tsx
FN:15,(anonymous_0)
FN:31,(anonymous_1)
FN:42,EditContact
FN:98,(anonymous_3)
FNF:4
FNH:4
FNDA:11,(anonymous_0)
FNDA:3,(anonymous_1)
FNDA:15,EditContact
FNDA:1,(anonymous_3)
DA:15,8
DA:18,11
DA:19,11
DA:20,11
DA:21,2
DA:23,9
DA:31,8
DA:35,3
DA:36,3
DA:37,3
DA:38,3
DA:39,3
DA:43,15
DA:48,15
DA:50,15
DA:98,1
LF:16
LH:16
BRDA:20,0,0,2
BRF:1
BRH:1
end_of_record
